android/app/build/outputs/logs/manifest-merger-ar-debug-report.txt
-- Merging decision tree log ---
manifest
ADDED from src/main/AndroidManifest.xml:1:1-31:12
INJECTED from src/main/AndroidManifest.xml:1:1-31:12
INJECTED from src/main/AndroidManifest.xml:1:1-31:12
INJECTED from src/main/AndroidManifest.xml:1:1-31:12
MERGED from [:react-native-gesture-handler] AndroidManifest.xml:2:1-11:12
MERGED from [:react-native-vector-icons] AndroidManifest.xml:2:1-11:12
MERGED from [com.facebook.react:react-native:0.57.7] AndroidManifest.xml:2:1-15:12
MERGED from [:mapbox-react-native-mapbox-gl] AndroidManifest.xml:2:1-15:12
MERGED from [com.mapbox.mapboxsdk:mapbox-android-services:2.2.9] AndroidManifest.xml:2:1-14:12
MERGED from [com.mapbox.mapboxsdk:mapbox-android-plugin-localization:0.1.0] AndroidManifest.xml:2:1-10:12
MERGED from [com.mapbox.mapboxsdk:mapbox-android-plugin-locationlayer:0.3.0] AndroidManifest.xml:2:1-10:12
MERGED from [com.mapbox.mapboxsdk:mapbox-android-sdk:5.4.1] AndroidManifest.xml:2:1-31:12
MERGED from [com.mapbox.mapboxsdk:mapbox-android-telemetry:2.2.9] AndroidManifest.xml:2:1-13:12
MERGED from [com.mapzen.android:lost:3.0.4] AndroidManifest.xml:2:1-34:12
MERGED from [com.android.support:appcompat-v7:28.0.0] AndroidManifest.xml:17:1-22:12
MERGED from [:arcore_client] AndroidManifest.xml:17:1-46:12
MERGED from [:gvr_common] AndroidManifest.xml:2:1-9:12
MERGED from [:viro_renderer] AndroidManifest.xml:2:1-44:12
MERGED from [:react_viro] AndroidManifest.xml:2:1-16:12
MERGED from [com.google.android.exoplayer:exoplayer:2.7.1] AndroidManifest.xml:17:1-25:12
MERGED from [com.facebook.fresco:imagepipeline-okhttp3:1.10.0] AndroidManifest.xml:2:1-9:12
MERGED from [com.google.android.exoplayer:exoplayer-dash:2.7.1] AndroidManifest.xml:17:1-25:12
MERGED from [com.google.android.exoplayer:exoplayer-hls:2.7.1] AndroidManifest.xml:17:1-25:12
MERGED from [com.google.android.exoplayer:exoplayer-smoothstreaming:2.7.1] AndroidManifest.xml:17:1-25:12
MERGED from [com.google.android.exoplayer:exoplayer-ui:2.7.1] AndroidManifest.xml:17:1-25:12
MERGED from [com.google.android.exoplayer:exoplayer-core:2.7.1] AndroidManifest.xml:17:1-25:12
MERGED from [com.android.support:animated-vector-drawable:28.0.0] AndroidManifest.xml:17:1-22:12
MERGED from [com.android.support:support-fragment:28.0.0] AndroidManifest.xml:17:1-22:12
MERGED from [com.android.support:support-core-ui:28.0.0] AndroidManifest.xml:17:1-22:12
MERGED from [com.android.support:support-core-utils:28.0.0] AndroidManifest.xml:17:1-22:12
MERGED from [com.android.support:support-vector-drawable:28.0.0] AndroidManifest.xml:17:1-22:12
MERGED from [com.android.support:loader:28.0.0] AndroidManifest.xml:17:1-22:12
MERGED from [com.android.support:viewpager:28.0.0] AndroidManifest.xml:17:1-22:12
MERGED from [com.android.support:coordinatorlayout:28.0.0] AndroidManifest.xml:17:1-22:12
MERGED from [com.android.support:drawerlayout:28.0.0] AndroidManifest.xml:17:1-22:12
MERGED from [com.android.support:slidingpanelayout:28.0.0] AndroidManifest.xml:17:1-22:12
MERGED from [com.android.support:customview:28.0.0] AndroidManifest.xml:17:1-22:12
MERGED from [com.android.support:swiperefreshlayout:28.0.0] AndroidManifest.xml:17:1-22:12
MERGED from [com.android.support:asynclayoutinflater:28.0.0] AndroidManifest.xml:17:1-22:12
MERGED from [com.android.support:support-compat:28.0.0] AndroidManifest.xml:17:1-24:12
MERGED from [com.android.support:versionedparcelable:28.0.0] AndroidManifest.xml:17:1-25:12
MERGED from [com.android.support:cursoradapter:28.0.0] AndroidManifest.xml:17:1-22:12
MERGED from [com.android.support:documentfile:28.0.0] AndroidManifest.xml:17:1-22:12
MERGED from [com.android.support:localbroadcastmanager:28.0.0] AndroidManifest.xml:17:1-22:12
MERGED from [com.android.support:print:28.0.0] AndroidManifest.xml:17:1-22:12
MERGED from [android.arch.lifecycle:viewmodel:1.1.1] AndroidManifest.xml:17:1-22:12
MERGED from [com.android.support:interpolator:28.0.0] AndroidManifest.xml:17:1-22:12
MERGED from [android.arch.lifecycle:livedata:1.1.1] AndroidManifest.xml:17:1-22:12
MERGED from [android.arch.lifecycle:livedata-core:1.1.1] AndroidManifest.xml:17:1-22:12
MERGED from [android.arch.core:runtime:1.1.1] AndroidManifest.xml:17:1-22:12
MERGED from [android.arch.lifecycle:runtime:1.1.1] AndroidManifest.xml:17:1-22:12
MERGED from [com.facebook.fresco:fresco:1.10.0] AndroidManifest.xml:2:1-9:12
MERGED from [com.facebook.fresco:drawee:1.10.0] AndroidManifest.xml:2:1-9:12
MERGED from [com.facebook.fresco:imagepipeline:1.10.0] AndroidManifest.xml:2:1-9:12
MERGED from [com.facebook.fresco:imagepipeline-base:1.10.0] AndroidManifest.xml:2:1-9:12
MERGED from [com.facebook.soloader:soloader:0.5.1] AndroidManifest.xml:2:1-13:12
MERGED from [org.webkit:android-jsc:r174650] AndroidManifest.xml:1:1-3:12
MERGED from [com.facebook.fresco:fbcore:1.10.0] AndroidManifest.xml:2:1-9:12
MERGED from [com.jakewharton.timber:timber:4.6.0] AndroidManifest.xml:2:1-10:12
INJECTED from src/main/AndroidManifest.xml:1:1-31:12
INJECTED from src/main/AndroidManifest.xml:1:1-31:12
INJECTED from src/main/AndroidManifest.xml:1:1-31:12
	package
		ADDED from src/main/AndroidManifest.xml:2:5-29
		INJECTED from src/main/AndroidManifest.xml
		INJECTED from src/main/AndroidManifest.xml
	android:versionName
		INJECTED from src/main/AndroidManifest.xml
		ADDED from src/main/AndroidManifest.xml:1:1-31:12
		INJECTED from src/main/AndroidManifest.xml
	android:versionCode
		INJECTED from src/main/AndroidManifest.xml
		ADDED from src/main/AndroidManifest.xml:1:1-31:12
		INJECTED from src/main/AndroidManifest.xml
	xmlns:android
		ADDED from src/main/AndroidManifest.xml:1:11-69
uses-permission#android.permission.INTERNET
ADDED from src/main/AndroidManifest.xml:4:5-67
MERGED from [:mapbox-react-native-mapbox-gl] AndroidManifest.xml:11:5-67
MERGED from [:mapbox-react-native-mapbox-gl] AndroidManifest.xml:11:5-67
MERGED from [com.mapbox.mapboxsdk:mapbox-android-services:2.2.9] AndroidManifest.xml:12:5-67
MERGED from [com.mapbox.mapboxsdk:mapbox-android-services:2.2.9] AndroidManifest.xml:12:5-67
MERGED from [com.mapbox.mapboxsdk:mapbox-android-sdk:5.4.1] AndroidManifest.xml:21:5-67
MERGED from [com.mapbox.mapboxsdk:mapbox-android-sdk:5.4.1] AndroidManifest.xml:21:5-67
MERGED from [:viro_renderer] AndroidManifest.xml:25:5-67
MERGED from [:viro_renderer] AndroidManifest.xml:25:5-67
	android:name
		ADDED from src/main/AndroidManifest.xml:4:22-64
uses-permission#android.permission.SYSTEM_ALERT_WINDOW
ADDED from src/main/AndroidManifest.xml:5:5-77
MERGED from [com.facebook.react:react-native:0.57.7] AndroidManifest.xml:11:5-78
MERGED from [com.facebook.react:react-native:0.57.7] AndroidManifest.xml:11:5-78
	android:name
		ADDED from src/main/AndroidManifest.xml:5:22-75
uses-permission#android.permission.ACCESS_FINE_LOCATION
ADDED from src/main/AndroidManifest.xml:6:5-78
MERGED from [:mapbox-react-native-mapbox-gl] AndroidManifest.xml:12:5-79
MERGED from [:mapbox-react-native-mapbox-gl] AndroidManifest.xml:12:5-79
MERGED from [com.mapbox.mapboxsdk:mapbox-android-services:2.2.9] AndroidManifest.xml:11:5-79
MERGED from [com.mapbox.mapboxsdk:mapbox-android-services:2.2.9] AndroidManifest.xml:11:5-79
	android:name
		ADDED from src/main/AndroidManifest.xml:6:22-76
uses-permission#android.permission.CAMERA
ADDED from src/main/AndroidManifest.xml:7:5-64
MERGED from [:mapbox-react-native-mapbox-gl] AndroidManifest.xml:13:5-65
MERGED from [:mapbox-react-native-mapbox-gl] AndroidManifest.xml:13:5-65
	android:name
		ADDED from src/main/AndroidManifest.xml:7:22-62
application
ADDED from src/main/AndroidManifest.xml:9:5-29:19
MERGED from [com.facebook.react:react-native:0.57.7] AndroidManifest.xml:13:5-20
MERGED from [com.facebook.react:react-native:0.57.7] AndroidManifest.xml:13:5-20
MERGED from [com.mapbox.mapboxsdk:mapbox-android-sdk:5.4.1] AndroidManifest.xml:25:5-29:19
MERGED from [com.mapbox.mapboxsdk:mapbox-android-sdk:5.4.1] AndroidManifest.xml:25:5-29:19
MERGED from [com.mapzen.android:lost:3.0.4] AndroidManifest.xml:21:5-32:19
MERGED from [com.mapzen.android:lost:3.0.4] AndroidManifest.xml:21:5-32:19
MERGED from [:arcore_client] AndroidManifest.xml:30:5-44:19
MERGED from [:arcore_client] AndroidManifest.xml:30:5-44:19
MERGED from [:react_viro] AndroidManifest.xml:11:5-14:19
MERGED from [:react_viro] AndroidManifest.xml:11:5-14:19
MERGED from [com.android.support:support-compat:28.0.0] AndroidManifest.xml:22:5-94
MERGED from [com.android.support:support-compat:28.0.0] AndroidManifest.xml:22:5-94
MERGED from [com.android.support:versionedparcelable:28.0.0] AndroidManifest.xml:22:5-23:19
MERGED from [com.android.support:versionedparcelable:28.0.0] AndroidManifest.xml:22:5-23:19
MERGED from [com.facebook.soloader:soloader:0.5.1] AndroidManifest.xml:11:5-20
MERGED from [com.facebook.soloader:soloader:0.5.1] AndroidManifest.xml:11:5-20
MERGED from [org.webkit:android-jsc:r174650] AndroidManifest.xml:2:3-17
MERGED from [org.webkit:android-jsc:r174650] AndroidManifest.xml:2:3-17
MERGED from [com.jakewharton.timber:timber:4.6.0] AndroidManifest.xml:8:5-20
MERGED from [com.jakewharton.timber:timber:4.6.0] AndroidManifest.xml:8:5-20
	android:appComponentFactory
		ADDED from [com.android.support:support-compat:28.0.0] AndroidManifest.xml:22:18-91
	android:supportsRtl
		ADDED from [:react_viro] AndroidManifest.xml:13:9-35
	android:label
		ADDED from src/main/AndroidManifest.xml:12:7-39
	android:icon
		ADDED from src/main/AndroidManifest.xml:13:7-41
	android:allowBackup
		ADDED from src/main/AndroidManifest.xml:14:7-34
	android:theme
		ADDED from src/main/AndroidManifest.xml:15:7-38
	android:usesCleartextTraffic
		ADDED from src/main/AndroidManifest.xml:11:7-42
	android:name
		ADDED from src/main/AndroidManifest.xml:10:7-38
activity#com.virosample.MainActivity
ADDED from src/main/AndroidManifest.xml:16:7-26:18
	android:label
		ADDED from src/main/AndroidManifest.xml:18:9-41
	android:windowSoftInputMode
		ADDED from src/main/AndroidManifest.xml:20:9-51
	android:configChanges
		ADDED from src/main/AndroidManifest.xml:19:9-86
	android:name
		ADDED from src/main/AndroidManifest.xml:17:9-37
intent-filter#action:name:android.intent.action.MAIN+category:name:android.intent.category.LAUNCHER+category:name:com.google.intent.category.CARDBOARD
ADDED from src/main/AndroidManifest.xml:21:9-25:25
action#android.intent.action.MAIN
ADDED from src/main/AndroidManifest.xml:22:13-65
	android:name
		ADDED from src/main/AndroidManifest.xml:22:21-62
category#android.intent.category.LAUNCHER
ADDED from src/main/AndroidManifest.xml:23:13-73
	android:name
		ADDED from src/main/AndroidManifest.xml:23:23-70
category#com.google.intent.category.CARDBOARD
ADDED from src/main/AndroidManifest.xml:24:13-77
	android:name
		ADDED from src/main/AndroidManifest.xml:24:23-74
activity#com.facebook.react.devsupport.DevSettingsActivity
ADDED from src/main/AndroidManifest.xml:27:7-84
	android:name
		ADDED from src/main/AndroidManifest.xml:27:17-81
meta-data#com.google.ar.core
ADDED from src/main/AndroidManifest.xml:28:7-79
	android:value
		ADDED from src/main/AndroidManifest.xml:28:52-76
	android:name
		ADDED from src/main/AndroidManifest.xml:28:18-51
uses-sdk
INJECTED from src/main/AndroidManifest.xml reason: use-sdk injection requested
INJECTED from src/main/AndroidManifest.xml
INJECTED from src/main/AndroidManifest.xml
MERGED from [:react-native-gesture-handler] AndroidManifest.xml:7:5-9:41
MERGED from [:react-native-gesture-handler] AndroidManifest.xml:7:5-9:41
MERGED from [:react-native-vector-icons] AndroidManifest.xml:7:5-9:41
MERGED from [:react-native-vector-icons] AndroidManifest.xml:7:5-9:41
MERGED from [com.facebook.react:react-native:0.57.7] AndroidManifest.xml:7:5-9:41
MERGED from [com.facebook.react:react-native:0.57.7] AndroidManifest.xml:7:5-9:41
MERGED from [:mapbox-react-native-mapbox-gl] AndroidManifest.xml:7:5-9:41
MERGED from [:mapbox-react-native-mapbox-gl] AndroidManifest.xml:7:5-9:41
MERGED from [com.mapbox.mapboxsdk:mapbox-android-services:2.2.9] AndroidManifest.xml:7:5-9:41
MERGED from [com.mapbox.mapboxsdk:mapbox-android-services:2.2.9] AndroidManifest.xml:7:5-9:41
MERGED from [com.mapbox.mapboxsdk:mapbox-android-plugin-localization:0.1.0] AndroidManifest.xml:6:5-8:41
MERGED from [com.mapbox.mapboxsdk:mapbox-android-plugin-localization:0.1.0] AndroidManifest.xml:6:5-8:41
MERGED from [com.mapbox.mapboxsdk:mapbox-android-plugin-locationlayer:0.3.0] AndroidManifest.xml:6:5-8:41
MERGED from [com.mapbox.mapboxsdk:mapbox-android-plugin-locationlayer:0.3.0] AndroidManifest.xml:6:5-8:41
MERGED from [com.mapbox.mapboxsdk:mapbox-android-sdk:5.4.1] AndroidManifest.xml:6:5-9:51
MERGED from [com.mapbox.mapboxsdk:mapbox-android-sdk:5.4.1] AndroidManifest.xml:6:5-9:51
MERGED from [com.mapbox.mapboxsdk:mapbox-android-telemetry:2.2.9] AndroidManifest.xml:8:5-11:51
MERGED from [com.mapbox.mapboxsdk:mapbox-android-telemetry:2.2.9] AndroidManifest.xml:8:5-11:51
MERGED from [com.mapzen.android:lost:3.0.4] AndroidManifest.xml:5:5-7:41
MERGED from [com.mapzen.android:lost:3.0.4] AndroidManifest.xml:5:5-7:41
MERGED from [com.android.support:appcompat-v7:28.0.0] AndroidManifest.xml:20:5-44
MERGED from [com.android.support:appcompat-v7:28.0.0] AndroidManifest.xml:20:5-44
MERGED from [:arcore_client] AndroidManifest.xml:26:5-28:41
MERGED from [:arcore_client] AndroidManifest.xml:26:5-28:41
MERGED from [:gvr_common] AndroidManifest.xml:5:5-7:41
MERGED from [:gvr_common] AndroidManifest.xml:5:5-7:41
MERGED from [:viro_renderer] AndroidManifest.xml:7:5-9:41
MERGED from [:viro_renderer] AndroidManifest.xml:7:5-9:41
MERGED from [:react_viro] AndroidManifest.xml:7:5-9:41
MERGED from [:react_viro] AndroidManifest.xml:7:5-9:41
MERGED from [com.google.android.exoplayer:exoplayer:2.7.1] AndroidManifest.xml:21:5-23:41
MERGED from [com.google.android.exoplayer:exoplayer:2.7.1] AndroidManifest.xml:21:5-23:41
MERGED from [com.facebook.fresco:imagepipeline-okhttp3:1.10.0] AndroidManifest.xml:5:5-7:41
MERGED from [com.facebook.fresco:imagepipeline-okhttp3:1.10.0] AndroidManifest.xml:5:5-7:41
MERGED from [com.google.android.exoplayer:exoplayer-dash:2.7.1] AndroidManifest.xml:21:5-23:41
MERGED from [com.google.android.exoplayer:exoplayer-dash:2.7.1] AndroidManifest.xml:21:5-23:41
MERGED from [com.google.android.exoplayer:exoplayer-hls:2.7.1] AndroidManifest.xml:21:5-23:41
MERGED from [com.google.android.exoplayer:exoplayer-hls:2.7.1] AndroidManifest.xml:21:5-23:41
MERGED from [com.google.android.exoplayer:exoplayer-smoothstreaming:2.7.1] AndroidManifest.xml:21:5-23:41
MERGED from [com.google.android.exoplayer:exoplayer-smoothstreaming:2.7.1] AndroidManifest.xml:21:5-23:41
MERGED from [com.google.android.exoplayer:exoplayer-ui:2.7.1] AndroidManifest.xml:21:5-23:41
MERGED from [com.google.android.exoplayer:exoplayer-ui:2.7.1] AndroidManifest.xml:21:5-23:41
MERGED from [com.google.android.exoplayer:exoplayer-core:2.7.1] AndroidManifest.xml:21:5-23:41
MERGED from [com.google.android.exoplayer:exoplayer-core:2.7.1] AndroidManifest.xml:21:5-23:41
MERGED from [com.android.support:animated-vector-drawable:28.0.0] AndroidManifest.xml:20:5-44
MERGED from [com.android.support:animated-vector-drawable:28.0.0] AndroidManifest.xml:20:5-44
MERGED from [com.android.support:support-fragment:28.0.0] AndroidManifest.xml:20:5-44
MERGED from [com.android.support:support-fragment:28.0.0] AndroidManifest.xml:20:5-44
MERGED from [com.android.support:support-core-ui:28.0.0] AndroidManifest.xml:20:5-44
MERGED from [com.android.support:support-core-ui:28.0.0] AndroidManifest.xml:20:5-44
MERGED from [com.android.support:support-core-utils:28.0.0] AndroidManifest.xml:20:5-44
MERGED from [com.android.support:support-core-utils:28.0.0] AndroidManifest.xml:20:5-44
MERGED from [com.android.support:support-vector-drawable:28.0.0] AndroidManifest.xml:20:5-44
MERGED from [com.android.support:support-vector-drawable:28.0.0] AndroidManifest.xml:20:5-44
MERGED from [com.android.support:loader:28.0.0] AndroidManifest.xml:20:5-44
MERGED from [com.android.support:loader:28.0.0] AndroidManifest.xml:20:5-44
MERGED from [com.android.support:viewpager:28.0.0] AndroidManifest.xml:20:5-44
MERGED from [com.android.support:viewpager:28.0.0] AndroidManifest.xml:20:5-44
MERGED from [com.android.support:coordinatorlayout:28.0.0] AndroidManifest.xml:20:5-44
MERGED from [com.android.support:coordinatorlayout:28.0.0] AndroidManifest.xml:20:5-44
MERGED from [com.android.support:drawerlayout:28.0.0] AndroidManifest.xml:20:5-44
MERGED from [com.android.support:drawerlayout:28.0.0] AndroidManifest.xml:20:5-44
MERGED from [com.android.support:slidingpanelayout:28.0.0] AndroidManifest.xml:20:5-44
MERGED from [com.android.support:slidingpanelayout:28.0.0] AndroidManifest.xml:20:5-44
MERGED from [com.android.support:customview:28.0.0] AndroidManifest.xml:20:5-44
MERGED from [com.android.support:customview:28.0.0] AndroidManifest.xml:20:5-44
MERGED from [com.android.support:swiperefreshlayout:28.0.0] AndroidManifest.xml:20:5-44
MERGED from [com.android.support:swiperefreshlayout:28.0.0] AndroidManifest.xml:20:5-44
MERGED from [com.android.support:asynclayoutinflater:28.0.0] AndroidManifest.xml:20:5-44
MERGED from [com.android.support:asynclayoutinflater:28.0.0] AndroidManifest.xml:20:5-44
MERGED from [com.android.support:support-compat:28.0.0] AndroidManifest.xml:20:5-44
MERGED from [com.android.support:support-compat:28.0.0] AndroidManifest.xml:20:5-44
MERGED from [com.android.support:versionedparcelable:28.0.0] AndroidManifest.xml:20:5-44
MERGED from [com.android.support:versionedparcelable:28.0.0] AndroidManifest.xml:20:5-44
MERGED from [com.android.support:cursoradapter:28.0.0] AndroidManifest.xml:20:5-44
MERGED from [com.android.support:cursoradapter:28.0.0] AndroidManifest.xml:20:5-44
MERGED from [com.android.support:documentfile:28.0.0] AndroidManifest.xml:20:5-44
MERGED from [com.android.support:documentfile:28.0.0] AndroidManifest.xml:20:5-44
MERGED from [com.android.support:localbroadcastmanager:28.0.0] AndroidManifest.xml:20:5-44
MERGED from [com.android.support:localbroadcastmanager:28.0.0] AndroidManifest.xml:20:5-44
MERGED from [com.android.support:print:28.0.0] AndroidManifest.xml:20:5-44
MERGED from [com.android.support:print:28.0.0] AndroidManifest.xml:20:5-44
MERGED from [android.arch.lifecycle:viewmodel:1.1.1] AndroidManifest.xml:20:5-44
MERGED from [android.arch.lifecycle:viewmodel:1.1.1] AndroidManifest.xml:20:5-44
MERGED from [com.android.support:interpolator:28.0.0] AndroidManifest.xml:20:5-44
MERGED from [com.android.support:interpolator:28.0.0] AndroidManifest.xml:20:5-44
MERGED from [android.arch.lifecycle:livedata:1.1.1] AndroidManifest.xml:20:5-44
MERGED from [android.arch.lifecycle:livedata:1.1.1] AndroidManifest.xml:20:5-44
MERGED from [android.arch.lifecycle:livedata-core:1.1.1] AndroidManifest.xml:20:5-44
MERGED from [android.arch.lifecycle:livedata-core:1.1.1] AndroidManifest.xml:20:5-44
MERGED from [android.arch.core:runtime:1.1.1] AndroidManifest.xml:20:5-44
MERGED from [android.arch.core:runtime:1.1.1] AndroidManifest.xml:20:5-44
MERGED from [android.arch.lifecycle:runtime:1.1.1] AndroidManifest.xml:20:5-44
MERGED from [android.arch.lifecycle:runtime:1.1.1] AndroidManifest.xml:20:5-44
MERGED from [com.facebook.fresco:fresco:1.10.0] AndroidManifest.xml:5:5-7:41
MERGED from [com.facebook.fresco:fresco:1.10.0] AndroidManifest.xml:5:5-7:41
MERGED from [com.facebook.fresco:drawee:1.10.0] AndroidManifest.xml:5:5-7:41
MERGED from [com.facebook.fresco:drawee:1.10.0] AndroidManifest.xml:5:5-7:41
MERGED from [com.facebook.fresco:imagepipeline:1.10.0] AndroidManifest.xml:5:5-7:41
MERGED from [com.facebook.fresco:imagepipeline:1.10.0] AndroidManifest.xml:5:5-7:41
MERGED from [com.facebook.fresco:imagepipeline-base:1.10.0] AndroidManifest.xml:5:5-7:41
MERGED from [com.facebook.fresco:imagepipeline-base:1.10.0] AndroidManifest.xml:5:5-7:41
MERGED from [com.facebook.soloader:soloader:0.5.1] AndroidManifest.xml:7:5-9:41
MERGED from [com.facebook.soloader:soloader:0.5.1] AndroidManifest.xml:7:5-9:41
MERGED from [com.facebook.fresco:fbcore:1.10.0] AndroidManifest.xml:5:5-7:41
MERGED from [com.facebook.fresco:fbcore:1.10.0] AndroidManifest.xml:5:5-7:41
MERGED from [com.jakewharton.timber:timber:4.6.0] AndroidManifest.xml:6:5-43
MERGED from [com.jakewharton.timber:timber:4.6.0] AndroidManifest.xml:6:5-43
INJECTED from src/main/AndroidManifest.xml
INJECTED from src/main/AndroidManifest.xml
	tools:overrideLibrary
		ADDED from [com.mapbox.mapboxsdk:mapbox-android-sdk:5.4.1] AndroidManifest.xml:9:9-48
	android:targetSdkVersion
		INJECTED from src/main/AndroidManifest.xml
		ADDED from src/main/AndroidManifest.xml
		INJECTED from src/main/AndroidManifest.xml
	android:minSdkVersion
		INJECTED from src/main/AndroidManifest.xml
		ADDED from src/main/AndroidManifest.xml
		INJECTED from src/main/AndroidManifest.xml
uses-feature#0x00020000
ADDED from [com.mapbox.mapboxsdk:mapbox-android-sdk:5.4.1] AndroidManifest.xml:11:5-13:35
REJECTED from src/main/AndroidManifest.xml:11:5-13:35
	android:glEsVersion
		ADDED from [com.mapbox.mapboxsdk:mapbox-android-sdk:5.4.1] AndroidManifest.xml:12:9-41
	android:required
		ADDED from [com.mapbox.mapboxsdk:mapbox-android-sdk:5.4.1] AndroidManifest.xml:13:9-32
uses-feature#android.hardware.wifi
ADDED from [com.mapbox.mapboxsdk:mapbox-android-sdk:5.4.1] AndroidManifest.xml:14:5-16:36
MERGED from [com.mapzen.android:lost:3.0.4] AndroidManifest.xml:19:5-58
MERGED from [com.mapzen.android:lost:3.0.4] AndroidManifest.xml:19:5-58
	android:required
		ADDED from [com.mapbox.mapboxsdk:mapbox-android-sdk:5.4.1] AndroidManifest.xml:16:9-33
		MERGED from src/main/AndroidManifest.xml:14:5-16:36
	android:name
		ADDED from [com.mapbox.mapboxsdk:mapbox-android-sdk:5.4.1] AndroidManifest.xml:15:9-45
uses-feature#android.hardware.location.gps
ADDED from [com.mapbox.mapboxsdk:mapbox-android-sdk:5.4.1] AndroidManifest.xml:17:5-19:36
MERGED from [com.mapzen.android:lost:3.0.4] AndroidManifest.xml:13:5-15:36
MERGED from [com.mapzen.android:lost:3.0.4] AndroidManifest.xml:13:5-15:36
	android:required
		ADDED from [com.mapbox.mapboxsdk:mapbox-android-sdk:5.4.1] AndroidManifest.xml:19:9-33
	android:name
		ADDED from [com.mapbox.mapboxsdk:mapbox-android-sdk:5.4.1] AndroidManifest.xml:18:9-53
uses-permission#android.permission.ACCESS_NETWORK_STATE
ADDED from [com.mapbox.mapboxsdk:mapbox-android-sdk:5.4.1] AndroidManifest.xml:22:5-79
	android:name
		ADDED from [com.mapbox.mapboxsdk:mapbox-android-sdk:5.4.1] AndroidManifest.xml:22:22-76
uses-permission#android.permission.ACCESS_WIFI_STATE
ADDED from [com.mapbox.mapboxsdk:mapbox-android-sdk:5.4.1] AndroidManifest.xml:23:5-76
	android:name
		ADDED from [com.mapbox.mapboxsdk:mapbox-android-sdk:5.4.1] AndroidManifest.xml:23:22-73
service#com.mapbox.services.android.telemetry.service.TelemetryService
ADDED from [com.mapbox.mapboxsdk:mapbox-android-sdk:5.4.1] AndroidManifest.xml:28:9-98
	android:name
		ADDED from [com.mapbox.mapboxsdk:mapbox-android-sdk:5.4.1] AndroidManifest.xml:28:18-95
uses-feature#android.hardware.sensor.accelerometer
ADDED from [com.mapzen.android:lost:3.0.4] AndroidManifest.xml:9:5-11:36
MERGED from [:viro_renderer] AndroidManifest.xml:28:5-30:35
MERGED from [:viro_renderer] AndroidManifest.xml:28:5-30:35
	android:required
		ADDED from [com.mapzen.android:lost:3.0.4] AndroidManifest.xml:11:9-33
	android:name
		ADDED from [com.mapzen.android:lost:3.0.4] AndroidManifest.xml:10:9-61
uses-feature#android.hardware.location
ADDED from [com.mapzen.android:lost:3.0.4] AndroidManifest.xml:12:5-62
	android:name
		ADDED from [com.mapzen.android:lost:3.0.4] AndroidManifest.xml:12:19-59
uses-feature#android.hardware.telephony
ADDED from [com.mapzen.android:lost:3.0.4] AndroidManifest.xml:16:5-18:36
	android:required
		ADDED from [com.mapzen.android:lost:3.0.4] AndroidManifest.xml:18:9-33
	android:name
		ADDED from [com.mapzen.android:lost:3.0.4] AndroidManifest.xml:17:9-50
service#com.mapzen.android.lost.internal.FusedLocationProviderService
ADDED from [com.mapzen.android:lost:3.0.4] AndroidManifest.xml:22:9-24:39
	android:process
		ADDED from [com.mapzen.android:lost:3.0.4] AndroidManifest.xml:24:13-36
	android:name
		ADDED from [com.mapzen.android:lost:3.0.4] AndroidManifest.xml:23:13-89
service#com.mapzen.android.lost.internal.GeofencingIntentService
ADDED from [com.mapzen.android:lost:3.0.4] AndroidManifest.xml:25:9-29:19
	android:name
		ADDED from [com.mapzen.android:lost:3.0.4] AndroidManifest.xml:25:18-89
intent-filter#action:name:com.mapzen.lost.action.ACTION_GEOFENCING_SERVICE
ADDED from [com.mapzen.android:lost:3.0.4] AndroidManifest.xml:26:13-28:29
action#com.mapzen.lost.action.ACTION_GEOFENCING_SERVICE
ADDED from [com.mapzen.android:lost:3.0.4] AndroidManifest.xml:27:17-91
	android:name
		ADDED from [com.mapzen.android:lost:3.0.4] AndroidManifest.xml:27:25-88
service#com.mapzen.android.lost.internal.DwellIntentService
ADDED from [com.mapzen.android:lost:3.0.4] AndroidManifest.xml:30:9-31:19
	android:name
		ADDED from [com.mapzen.android:lost:3.0.4] AndroidManifest.xml:30:18-84
activity#com.google.ar.core.InstallActivity
ADDED from [:arcore_client] AndroidManifest.xml:33:9-39:80
	android:excludeFromRecents
		ADDED from [:arcore_client] AndroidManifest.xml:36:13-46
	android:launchMode
		ADDED from [:arcore_client] AndroidManifest.xml:38:13-43
	android:exported
		ADDED from [:arcore_client] AndroidManifest.xml:37:13-37
	android:configChanges
		ADDED from [:arcore_client] AndroidManifest.xml:35:13-74
	android:theme
		ADDED from [:arcore_client] AndroidManifest.xml:39:13-77
	android:name
		ADDED from [:arcore_client] AndroidManifest.xml:34:13-62
meta-data#com.google.ar.core.min_apk_version
ADDED from [:arcore_client] AndroidManifest.xml:41:9-43:41
	android:value
		ADDED from [:arcore_client] AndroidManifest.xml:43:13-38
	android:name
		ADDED from [:arcore_client] AndroidManifest.xml:42:13-62
uses-feature#0x00030000
ADDED from [:viro_renderer] AndroidManifest.xml:11:5-13:35
	android:glEsVersion
		ADDED from [:viro_renderer] AndroidManifest.xml:12:9-41
	android:required
		ADDED from [:viro_renderer] AndroidManifest.xml:13:9-32
uses-permission#android.permission.VIBRATE
ADDED from [:viro_renderer] AndroidManifest.xml:16:5-66
	android:name
		ADDED from [:viro_renderer] AndroidManifest.xml:16:22-63
uses-permission#android.permission.READ_EXTERNAL_STORAGE
ADDED from [:viro_renderer] AndroidManifest.xml:18:5-80
	android:name
		ADDED from [:viro_renderer] AndroidManifest.xml:18:22-77
uses-permission#android.permission.RECORD_AUDIO
ADDED from [:viro_renderer] AndroidManifest.xml:20:5-71
	android:name
		ADDED from [:viro_renderer] AndroidManifest.xml:20:22-68
uses-permission#android.permission.NFC
ADDED from [:viro_renderer] AndroidManifest.xml:23:5-62
	android:name
		ADDED from [:viro_renderer] AndroidManifest.xml:23:22-59
uses-feature#android.hardware.sensor.gyroscope
ADDED from [:viro_renderer] AndroidManifest.xml:31:5-33:35
	android:required
		ADDED from [:viro_renderer] AndroidManifest.xml:33:9-32
	android:name
		ADDED from [:viro_renderer] AndroidManifest.xml:32:9-57
uses-feature#android.software.vr.mode
ADDED from [:viro_renderer] AndroidManifest.xml:36:5-38:36
	android:required
		ADDED from [:viro_renderer] AndroidManifest.xml:38:9-33
	android:name
		ADDED from [:viro_renderer] AndroidManifest.xml:37:9-48
uses-feature#android.hardware.vr.high_performance
ADDED from [:viro_renderer] AndroidManifest.xml:40:5-42:36
	android:required
		ADDED from [:viro_renderer] AndroidManifest.xml:42:9-33
	android:name
		ADDED from [:viro_renderer] AndroidManifest.xml:41:9-60
uses-permission#android.permission.WRITE_EXTERNAL_STORAGE
IMPLIED from src/main/AndroidManifest.xml:1:1-31:12 reason: org.webkit.android_jsc has a targetSdkVersion < 4
uses-permission#android.permission.READ_PHONE_STATE
IMPLIED from src/main/AndroidManifest.xml:1:1-31:12 reason: org.webkit.android_jsc has a targetSdkVersion < 4